2025-07-27 00:05:17,541 - utils.logger - ERROR - ❌ Admin komutları listesi hatası: Telegram server says - Bad Request: message is not modified: specified new message content and reply markup are exactly the same as a current content and reply markup of the message
2025-07-27 00:44:15,851 - utils.logger - ERROR - ❌ Sistem ayarları hatası: relation "system_settings" does not exist
2025-07-27 00:44:17,299 - utils.logger - ERROR - ❌ Sistem ayarları hatası: relation "system_settings" does not exist
2025-07-27 03:18:17,183 - aiogram.dispatcher - ERROR - Failed to fetch updates - TelegramNetworkError: HTTP Client says - ClientOSError: [Errno 1] [SSL: APPLICATION_DATA_AFTER_CLOSE_NOTIFY] application data after close notify (_ssl.c:2775)
2025-07-27 03:18:30,041 - database - ERROR - ❌ Get user points cached hatası: name 'timedelta' is not defined
2025-07-27 03:18:30,414 - database - ERROR - ❌ Add points hatası: name 'timedelta' is not defined
2025-07-27 03:20:14,568 - database - ERROR - ❌ Get user points cached hatası: name 'timedelta' is not defined
2025-07-27 03:20:14,879 - database - ERROR - ❌ Add points hatası: name 'timedelta' is not defined
2025-07-27 03:39:02,970 - root - ERROR - ❌ Zamanlayıcı durumu alınırken hata: 'str' object has no attribute 'get'
2025-07-27 03:39:07,658 - root - ERROR - ❌ Zamanlayıcı durumu alınırken hata: 'str' object has no attribute 'get'
2025-07-27 03:39:07,966 - root - ERROR - ❌ Zamanlanmış mesajlar başlatılırken hata: 'str' object does not support item assignment
2025-07-27 03:39:09,580 - root - ERROR - ❌ Zamanlayıcı durumu alınırken hata: 'str' object has no attribute 'get'
2025-07-27 04:00:47,245 - root - ERROR - ❌ Aktif gruplar alınırken hata: relation "groups" does not exist
2025-07-27 04:00:52,322 - root - ERROR - ❌ Aktif gruplar alınırken hata: relation "groups" does not exist
2025-07-27 04:10:11,525 - root - ERROR - ❌ Zamanlanmış mesajlar menüsü hatası: Telegram server says - Bad Request: message is not modified: specified new message content and reply markup are exactly the same as a current content and reply markup of the message
2025-07-27 04:14:12,186 - utils.logger - ERROR - SISTEM HATASI - Error: Bot başlatma hatası: cannot access local variable 'admin_panel_callback' where it is not associated with a value, Context:
2025-07-27 04:25:15,623 - database - ERROR - ❌ Get user points cached hatası: name 'timedelta' is not defined
2025-07-27 04:25:15,950 - database - ERROR - ❌ Add points hatası: name 'timedelta' is not defined
2025-07-27 04:25:55,147 - root - ERROR - ❌ Mesaj düzenleme input hatası: 'MemoryManager' object has no attribute 'set_input_state'
2025-07-27 04:44:13,676 - root - ERROR - ❌ Mesaj düzenleme input hatası: 'MemoryManager' object has no attribute 'set_input_state'
2025-07-27 06:00:20,231 - root - ERROR - ❌ Chat input handler hatası: 'NoneType' object has no attribute 'startswith'
2025-07-27 06:00:31,187 - root - ERROR - ❌ Chat input handler hatası: 'NoneType' object has no attribute 'startswith'
2025-07-27 06:09:58,526 - root - ERROR - ❌ Chat input handler hatası: 'NoneType' object has no attribute 'startswith'
2025-07-27 17:59:13,226 - root - ERROR - ❌ Bot durumu değiştirme hatası: 'str' object does not support item assignment
2025-07-27 18:00:28,491 - root - ERROR - ❌ Bot durumu değiştirme hatası: 'str' object does not support item assignment
2025-07-27 18:02:12,435 - root - ERROR - ❌ Bot durumu değiştirme hatası: 'str' object does not support item assignment
2025-07-27 18:02:19,425 - root - ERROR - ❌ Bot durumu değiştirme hatası: 'str' object does not support item assignment
2025-07-27 18:05:31,249 - root - ERROR - ❌ Bot aktivasyon bildirimi hatası: 'Config' object has no attribute 'get'
2025-07-27 18:05:37,388 - root - ERROR - ❌ Zamanlayıcı ayarları kaydedilirken hata: Object of type datetime is not JSON serializable
2025-07-27 18:08:13,217 - root - ERROR - ❌ Zamanlayıcı ayarları kaydedilirken hata: Object of type datetime is not JSON serializable
2025-07-27 18:09:07,682 - database - ERROR - ❌ Get user points cached hatası: name 'timedelta' is not defined
2025-07-27 18:09:08,016 - database - ERROR - ❌ Add points hatası: name 'timedelta' is not defined
2025-07-27 18:09:17,369 - database - ERROR - ❌ Get user points cached hatası: name 'timedelta' is not defined
2025-07-27 18:09:17,707 - database - ERROR - ❌ Add points hatası: name 'timedelta' is not defined
2025-07-27 18:09:21,853 - database - ERROR - ❌ Get user points cached hatası: name 'timedelta' is not defined
2025-07-27 18:09:22,167 - database - ERROR - ❌ Add points hatası: name 'timedelta' is not defined
2025-07-27 18:09:33,477 - database - ERROR - ❌ Get user points cached hatası: name 'timedelta' is not defined
2025-07-27 18:09:33,821 - database - ERROR - ❌ Add points hatası: name 'timedelta' is not defined
2025-07-27 18:09:49,129 - database - ERROR - ❌ Get user points cached hatası: name 'timedelta' is not defined
2025-07-27 18:09:49,442 - database - ERROR - ❌ Add points hatası: name 'timedelta' is not defined
2025-07-27 18:09:57,902 - root - ERROR - ❌ Chat input handler hatası: 'NoneType' object has no attribute 'startswith'
2025-07-27 18:10:00,005 - database - ERROR - ❌ Get user points cached hatası: name 'timedelta' is not defined
2025-07-27 18:10:00,327 - database - ERROR - ❌ Add points hatası: name 'timedelta' is not defined
2025-07-27 18:10:11,183 - root - ERROR - ❌ Chat input handler hatası: 'NoneType' object has no attribute 'startswith'
2025-07-27 18:10:20,139 - database - ERROR - ❌ Get user points cached hatası: name 'timedelta' is not defined
2025-07-27 18:10:20,454 - database - ERROR - ❌ Add points hatası: name 'timedelta' is not defined
2025-07-27 18:10:23,690 - root - ERROR - ❌ Chat input handler hatası: 'NoneType' object has no attribute 'startswith'
2025-07-27 18:10:37,274 - database - ERROR - ❌ Get user points cached hatası: name 'timedelta' is not defined
2025-07-27 18:10:37,586 - database - ERROR - ❌ Add points hatası: name 'timedelta' is not defined
2025-07-27 18:10:46,514 - database - ERROR - ❌ Get user points cached hatası: name 'timedelta' is not defined
2025-07-27 18:10:54,032 - database - ERROR - ❌ Add points hatası: name 'timedelta' is not defined
2025-07-27 18:11:14,475 - database - ERROR - ❌ Get user points cached hatası: name 'timedelta' is not defined
2025-07-27 18:11:14,811 - database - ERROR - ❌ Add points hatası: name 'timedelta' is not defined
2025-07-27 18:11:44,056 - database - ERROR - ❌ Get user points cached hatası: name 'timedelta' is not defined
2025-07-27 18:11:44,402 - database - ERROR - ❌ Add points hatası: name 'timedelta' is not defined
2025-07-27 18:12:08,130 - database - ERROR - ❌ Get user points cached hatası: name 'timedelta' is not defined
2025-07-27 18:12:08,466 - database - ERROR - ❌ Add points hatası: name 'timedelta' is not defined
2025-07-27 18:12:24,626 - database - ERROR - ❌ Get user points cached hatası: name 'timedelta' is not defined
2025-07-27 18:12:24,962 - database - ERROR - ❌ Add points hatası: name 'timedelta' is not defined
2025-07-27 18:13:11,636 - database - ERROR - ❌ Get user points cached hatası: name 'timedelta' is not defined
2025-07-27 18:13:11,976 - database - ERROR - ❌ Add points hatası: name 'timedelta' is not defined
2025-07-27 18:13:27,857 - database - ERROR - ❌ Get user points cached hatası: name 'timedelta' is not defined
2025-07-27 18:13:28,195 - database - ERROR - ❌ Add points hatası: name 'timedelta' is not defined
2025-07-27 18:16:03,027 - database - ERROR - ❌ Get user points cached hatası: name 'timedelta' is not defined
2025-07-27 18:16:03,362 - database - ERROR - ❌ Add points hatası: name 'timedelta' is not defined
2025-07-27 18:22:04,698 - database - ERROR - ❌ Get user points cached hatası: name 'timedelta' is not defined
2025-07-27 18:22:05,035 - database - ERROR - ❌ Add points hatası: name 'timedelta' is not defined
2025-07-27 18:29:35,659 - root - ERROR - ❌ Bot aktivasyon bildirimi hatası: 'Config' object has no attribute 'get'
2025-07-27 18:49:06,897 - asyncio - ERROR - Unclosed client session
client_session: <aiohttp.client.ClientSession object at 0x000001E047C43390>
2025-07-27 18:49:06,898 - asyncio - ERROR - Unclosed connector
connections: ['deque([(<aiohttp.client_proto.ResponseHandler object at 0x000001E047C86450>, 6528.4775919)])']
connector: <aiohttp.connector.TCPConnector object at 0x000001E047C42FD0>
2025-07-27 19:12:19,433 - aiogram.dispatcher - ERROR - Failed to fetch updates - TelegramNetworkError: HTTP Client says - ClientOSError: [Errno 1] [SSL: APPLICATION_DATA_AFTER_CLOSE_NOTIFY] application data after close notify (_ssl.c:2775)
2025-07-27 19:15:38,205 - root - ERROR - ❌ Bot bulunamadı! bot_id: 1753628023, available: ['test_bot', 'bot_1753628023']
2025-07-27 19:21:30,931 - root - ERROR - ❌ Chat input handler hatası: 'NoneType' object has no attribute 'startswith'
2025-07-27 19:21:39,785 - root - ERROR - ❌ Chat input handler hatası: 'NoneType' object has no attribute 'startswith'
2025-07-27 19:22:00,478 - root - ERROR - ❌ Bot aktivasyon bildirimi hatası: column "rank_level" does not exist
2025-07-27 19:28:28,408 - root - ERROR - ❌ Bot pasifleştirme bildirimi hatası: column "rank_level" does not exist
2025-07-27 19:29:23,454 - root - ERROR - ❌ Chat input handler hatası: 'NoneType' object has no attribute 'startswith'
2025-07-27 19:35:00,981 - root - ERROR - ❌ Test botu silinemez!
2025-07-27 19:35:14,739 - root - ERROR - ❌ Chat input handler hatası: 'NoneType' object has no attribute 'startswith'
2025-07-27 19:38:49,257 - root - ERROR - ❌ Chat input handler hatası: 'NoneType' object has no attribute 'startswith'
2025-07-27 19:44:53,800 - root - ERROR - ❌ Chat input handler hatası: 'NoneType' object has no attribute 'startswith'
2025-07-27 19:48:58,997 - root - ERROR - ❌ Chat input handler hatası: 'NoneType' object has no attribute 'startswith'
2025-07-27 19:51:40,408 - aiogram.dispatcher - ERROR - Failed to fetch updates - TelegramNetworkError: HTTP Client says - ClientOSError: [Errno 1] [SSL: APPLICATION_DATA_AFTER_CLOSE_NOTIFY] application data after close notify (_ssl.c:2775)
2025-07-27 19:52:20,819 - root - ERROR - ❌ Chat input handler hatası: 'NoneType' object has no attribute 'startswith'
2025-07-27 19:56:52,770 - root - ERROR - ❌ Chat input handler hatası: 'NoneType' object has no attribute 'startswith'
2025-07-27 19:57:18,152 - asyncio - ERROR - Unclosed client session
client_session: <aiohttp.client.ClientSession object at 0x0000019E633982D0>
2025-07-27 19:57:18,153 - asyncio - ERROR - Unclosed connector
connections: ['deque([(<aiohttp.client_proto.ResponseHandler object at 0x0000019E633D66F0>, 10619.8405785)])']
connector: <aiohttp.connector.TCPConnector object at 0x0000019E63332210>
